[Mon Jul 16 10:29:18.610572 2018] [ssl:warn] [pid 7096:tid 780] AH01909: www.example.com:443:0 server certificate does NOT include an ID which matches the server name
[Mon Jul 16 10:29:18.910713 2018] [ssl:warn] [pid 7096:tid 780] AH01909: www.example.com:443:0 server certificate does NOT include an ID which matches the server name
[Mon Jul 16 10:29:18.960710 2018] [mpm_winnt:notice] [pid 7096:tid 780] AH00455: Apache/2.4.10 (Win32) OpenSSL/1.0.1i PHP/5.6.3 configured -- resuming normal operations
[Mon Jul 16 10:29:18.960710 2018] [mpm_winnt:notice] [pid 7096:tid 780] AH00456: Apache Lounge VC11 Server built: Jul 17 2014 11:50:08
[Mon Jul 16 10:29:18.960710 2018] [core:notice] [pid 7096:tid 780] AH00094: Command line: 'd:\\xampp\\apache\\bin\\httpd.exe -d D:/xampp/apache'
[Mon Jul 16 10:29:18.970709 2018] [mpm_winnt:notice] [pid 7096:tid 780] AH00418: Parent: Created child process 9896
[Mon Jul 16 10:29:20.599648 2018] [ssl:warn] [pid 9896:tid 872] AH01909: www.example.com:443:0 server certificate does NOT include an ID which matches the server name
[Mon Jul 16 10:29:20.809635 2018] [ssl:warn] [pid 9896:tid 872] AH01909: www.example.com:443:0 server certificate does NOT include an ID which matches the server name
[Mon Jul 16 10:29:20.849628 2018] [mpm_winnt:notice] [pid 9896:tid 872] AH00354: Child: Starting 150 worker threads.
[Tue Jul 17 08:47:33.238909 2018] [ssl:warn] [pid 4268:tid 596] AH01909: www.example.com:443:0 server certificate does NOT include an ID which matches the server name
[Tue Jul 17 08:47:33.338909 2018] [core:warn] [pid 4268:tid 596] AH00098: pid file D:/xampp/apache/logs/httpd.pid overwritten -- Unclean shutdown of previous Apache run?
[Tue Jul 17 08:47:33.458883 2018] [ssl:warn] [pid 4268:tid 596] AH01909: www.example.com:443:0 server certificate does NOT include an ID which matches the server name
[Tue Jul 17 08:47:35.480003 2018] [mpm_winnt:notice] [pid 4268:tid 596] AH00455: Apache/2.4.10 (Win32) OpenSSL/1.0.1i PHP/5.6.3 configured -- resuming normal operations
[Tue Jul 17 08:47:35.480003 2018] [mpm_winnt:notice] [pid 4268:tid 596] AH00456: Apache Lounge VC11 Server built: Jul 17 2014 11:50:08
[Tue Jul 17 08:47:35.480003 2018] [core:notice] [pid 4268:tid 596] AH00094: Command line: 'd:\\xampp\\apache\\bin\\httpd.exe -d D:/xampp/apache'
[Tue Jul 17 08:47:35.520017 2018] [mpm_winnt:notice] [pid 4268:tid 596] AH00418: Parent: Created child process 840
[Tue Jul 17 08:47:37.249893 2018] [ssl:warn] [pid 840:tid 724] AH01909: www.example.com:443:0 server certificate does NOT include an ID which matches the server name
[Tue Jul 17 08:47:37.460273 2018] [ssl:warn] [pid 840:tid 724] AH01909: www.example.com:443:0 server certificate does NOT include an ID which matches the server name
[Tue Jul 17 08:47:37.540265 2018] [mpm_winnt:notice] [pid 840:tid 724] AH00354: Child: Starting 150 worker threads.
[Tue Jul 17 17:35:17.014031 2018] [mpm_winnt:crit] [pid 840:tid 724] AH02538: Child: Parent process exited abruptly. Child process is ending
[Thu Jul 19 08:58:36.082785 2018] [ssl:warn] [pid 15304:tid 716] AH01909: www.example.com:443:0 server certificate does NOT include an ID which matches the server name
[Thu Jul 19 08:58:36.302728 2018] [core:warn] [pid 15304:tid 716] AH00098: pid file D:/xampp/apache/logs/httpd.pid overwritten -- Unclean shutdown of previous Apache run?
[Thu Jul 19 08:58:36.432726 2018] [ssl:warn] [pid 15304:tid 716] AH01909: www.example.com:443:0 server certificate does NOT include an ID which matches the server name
[Thu Jul 19 08:58:36.722693 2018] [mpm_winnt:notice] [pid 15304:tid 716] AH00455: Apache/2.4.10 (Win32) OpenSSL/1.0.1i PHP/5.6.3 configured -- resuming normal operations
[Thu Jul 19 08:58:36.722693 2018] [mpm_winnt:notice] [pid 15304:tid 716] AH00456: Apache Lounge VC11 Server built: Jul 17 2014 11:50:08
[Thu Jul 19 08:58:36.722693 2018] [core:notice] [pid 15304:tid 716] AH00094: Command line: 'd:\\xampp\\apache\\bin\\httpd.exe -d D:/xampp/apache'
[Thu Jul 19 08:58:36.742689 2018] [mpm_winnt:notice] [pid 15304:tid 716] AH00418: Parent: Created child process 16200
[Thu Jul 19 08:58:38.392814 2018] [ssl:warn] [pid 16200:tid 760] AH01909: www.example.com:443:0 server certificate does NOT include an ID which matches the server name
[Thu Jul 19 08:58:38.592802 2018] [ssl:warn] [pid 16200:tid 760] AH01909: www.example.com:443:0 server certificate does NOT include an ID which matches the server name
[Thu Jul 19 08:58:38.632801 2018] [mpm_winnt:notice] [pid 16200:tid 760] AH00354: Child: Starting 150 worker threads.
[Fri Jul 20 08:50:24.897298 2018] [ssl:warn] [pid 16972:tid 700] AH01909: www.example.com:443:0 server certificate does NOT include an ID which matches the server name
[Fri Jul 20 08:50:24.963726 2018] [core:warn] [pid 16972:tid 700] AH00098: pid file D:/xampp/apache/logs/httpd.pid overwritten -- Unclean shutdown of previous Apache run?
[Fri Jul 20 08:50:25.100376 2018] [ssl:warn] [pid 16972:tid 700] AH01909: www.example.com:443:0 server certificate does NOT include an ID which matches the server name
[Fri Jul 20 08:50:25.131636 2018] [mpm_winnt:notice] [pid 16972:tid 700] AH00455: Apache/2.4.10 (Win32) OpenSSL/1.0.1i PHP/5.6.3 configured -- resuming normal operations
[Fri Jul 20 08:50:25.131636 2018] [mpm_winnt:notice] [pid 16972:tid 700] AH00456: Apache Lounge VC11 Server built: Jul 17 2014 11:50:08
[Fri Jul 20 08:50:25.131636 2018] [core:notice] [pid 16972:tid 700] AH00094: Command line: 'd:\\xampp\\apache\\bin\\httpd.exe -d D:/xampp/apache'
[Fri Jul 20 08:50:25.143335 2018] [mpm_winnt:notice] [pid 16972:tid 700] AH00418: Parent: Created child process 6180
[Fri Jul 20 08:50:26.929673 2018] [ssl:warn] [pid 6180:tid 728] AH01909: www.example.com:443:0 server certificate does NOT include an ID which matches the server name
[Fri Jul 20 08:50:27.136655 2018] [ssl:warn] [pid 6180:tid 728] AH01909: www.example.com:443:0 server certificate does NOT include an ID which matches the server name
[Fri Jul 20 08:50:27.175703 2018] [mpm_winnt:notice] [pid 6180:tid 728] AH00354: Child: Starting 150 worker threads.
[Tue Jul 24 10:02:23.679907 2018] [ssl:warn] [pid 4920:tid 628] AH01909: www.example.com:443:0 server certificate does NOT include an ID which matches the server name
[Tue Jul 24 10:02:23.777541 2018] [core:warn] [pid 4920:tid 628] AH00098: pid file D:/xampp/apache/logs/httpd.pid overwritten -- Unclean shutdown of previous Apache run?
[Tue Jul 24 10:02:23.898606 2018] [ssl:warn] [pid 4920:tid 628] AH01909: www.example.com:443:0 server certificate does NOT include an ID which matches the server name
[Tue Jul 24 10:02:24.635674 2018] [mpm_winnt:notice] [pid 4920:tid 628] AH00455: Apache/2.4.10 (Win32) OpenSSL/1.0.1i PHP/5.6.3 configured -- resuming normal operations
[Tue Jul 24 10:02:24.635674 2018] [mpm_winnt:notice] [pid 4920:tid 628] AH00456: Apache Lounge VC11 Server built: Jul 17 2014 11:50:08
[Tue Jul 24 10:02:24.635674 2018] [core:notice] [pid 4920:tid 628] AH00094: Command line: 'd:\\xampp\\apache\\bin\\httpd.exe -d D:/xampp/apache'
[Tue Jul 24 10:02:24.649666 2018] [mpm_winnt:notice] [pid 4920:tid 628] AH00418: Parent: Created child process 6232
[Tue Jul 24 10:02:26.411376 2018] [ssl:warn] [pid 6232:tid 724] AH01909: www.example.com:443:0 server certificate does NOT include an ID which matches the server name
[Tue Jul 24 10:02:26.610547 2018] [ssl:warn] [pid 6232:tid 724] AH01909: www.example.com:443:0 server certificate does NOT include an ID which matches the server name
[Tue Jul 24 10:02:26.661316 2018] [mpm_winnt:notice] [pid 6232:tid 724] AH00354: Child: Starting 150 worker threads.
[Wed Jul 25 16:21:22.117676 2018] [ssl:warn] [pid 8984:tid 700] AH01909: www.example.com:443:0 server certificate does NOT include an ID which matches the server name
[Wed Jul 25 16:21:22.270589 2018] [core:warn] [pid 8984:tid 700] AH00098: pid file D:/xampp/apache/logs/httpd.pid overwritten -- Unclean shutdown of previous Apache run?
[Wed Jul 25 16:21:22.416505 2018] [ssl:warn] [pid 8984:tid 700] AH01909: www.example.com:443:0 server certificate does NOT include an ID which matches the server name
[Wed Jul 25 16:21:23.242030 2018] [mpm_winnt:notice] [pid 8984:tid 700] AH00455: Apache/2.4.10 (Win32) OpenSSL/1.0.1i PHP/5.6.3 configured -- resuming normal operations
[Wed Jul 25 16:21:23.242030 2018] [mpm_winnt:notice] [pid 8984:tid 700] AH00456: Apache Lounge VC11 Server built: Jul 17 2014 11:50:08
[Wed Jul 25 16:21:23.242030 2018] [core:notice] [pid 8984:tid 700] AH00094: Command line: 'd:\\xampp\\apache\\bin\\httpd.exe -d D:/xampp/apache'
[Wed Jul 25 16:21:23.258021 2018] [mpm_winnt:notice] [pid 8984:tid 700] AH00418: Parent: Created child process 10360
[Wed Jul 25 16:21:25.056000 2018] [ssl:warn] [pid 10360:tid 796] AH01909: www.example.com:443:0 server certificate does NOT include an ID which matches the server name
[Wed Jul 25 16:21:25.292868 2018] [ssl:warn] [pid 10360:tid 796] AH01909: www.example.com:443:0 server certificate does NOT include an ID which matches the server name
[Wed Jul 25 16:21:25.413801 2018] [mpm_winnt:notice] [pid 10360:tid 796] AH00354: Child: Starting 150 worker threads.
[Tue Aug 07 11:17:24.155465 2018] [ssl:warn] [pid 6448:tid 852] AH01909: www.example.com:443:0 server certificate does NOT include an ID which matches the server name
[Tue Aug 07 11:17:24.416314 2018] [core:warn] [pid 6448:tid 852] AH00098: pid file D:/xampp/apache/logs/httpd.pid overwritten -- Unclean shutdown of previous Apache run?
[Tue Aug 07 11:17:24.636187 2018] [ssl:warn] [pid 6448:tid 852] AH01909: www.example.com:443:0 server certificate does NOT include an ID which matches the server name
[Tue Aug 07 11:17:27.884329 2018] [mpm_winnt:notice] [pid 6448:tid 852] AH00455: Apache/2.4.10 (Win32) OpenSSL/1.0.1i PHP/5.6.3 configured -- resuming normal operations
[Tue Aug 07 11:17:27.884329 2018] [mpm_winnt:notice] [pid 6448:tid 852] AH00456: Apache Lounge VC11 Server built: Jul 17 2014 11:50:08
[Tue Aug 07 11:17:27.884329 2018] [core:notice] [pid 6448:tid 852] AH00094: Command line: 'd:\\xampp\\apache\\bin\\httpd.exe -d D:/xampp/apache'
[Tue Aug 07 11:17:27.902267 2018] [mpm_winnt:notice] [pid 6448:tid 852] AH00418: Parent: Created child process 10632
[Tue Aug 07 11:17:30.278896 2018] [ssl:warn] [pid 10632:tid 996] AH01909: www.example.com:443:0 server certificate does NOT include an ID which matches the server name
[Tue Aug 07 11:17:30.715644 2018] [ssl:warn] [pid 10632:tid 996] AH01909: www.example.com:443:0 server certificate does NOT include an ID which matches the server name
[Tue Aug 07 11:17:30.769613 2018] [mpm_winnt:notice] [pid 10632:tid 996] AH00354: Child: Starting 150 worker threads.
[Tue Aug 07 13:26:35.311630 2018] [ssl:warn] [pid 15856:tid 712] AH01909: www.example.com:443:0 server certificate does NOT include an ID which matches the server name
[Tue Aug 07 13:26:35.448514 2018] [core:warn] [pid 15856:tid 712] AH00098: pid file D:/xampp/apache/logs/httpd.pid overwritten -- Unclean shutdown of previous Apache run?
[Tue Aug 07 13:26:35.596428 2018] [ssl:warn] [pid 15856:tid 712] AH01909: www.example.com:443:0 server certificate does NOT include an ID which matches the server name
[Tue Aug 07 13:26:36.002539 2018] [mpm_winnt:notice] [pid 15856:tid 712] AH00455: Apache/2.4.10 (Win32) OpenSSL/1.0.1i PHP/5.6.3 configured -- resuming normal operations
[Tue Aug 07 13:26:36.002539 2018] [mpm_winnt:notice] [pid 15856:tid 712] AH00456: Apache Lounge VC11 Server built: Jul 17 2014 11:50:08
[Tue Aug 07 13:26:36.002539 2018] [core:notice] [pid 15856:tid 712] AH00094: Command line: 'd:\\xampp\\apache\\bin\\httpd.exe -d D:/xampp/apache'
[Tue Aug 07 13:26:36.015531 2018] [mpm_winnt:notice] [pid 15856:tid 712] AH00418: Parent: Created child process 16652
[Tue Aug 07 13:26:37.869462 2018] [ssl:warn] [pid 16652:tid 656] AH01909: www.example.com:443:0 server certificate does NOT include an ID which matches the server name
[Tue Aug 07 13:26:38.100329 2018] [ssl:warn] [pid 16652:tid 656] AH01909: www.example.com:443:0 server certificate does NOT include an ID which matches the server name
[Tue Aug 07 13:26:38.146301 2018] [mpm_winnt:notice] [pid 16652:tid 656] AH00354: Child: Starting 150 worker threads.
[Tue Aug 07 13:43:59.810903 2018] [ssl:warn] [pid 11284:tid 828] AH01909: www.example.com:443:0 server certificate does NOT include an ID which matches the server name
[Tue Aug 07 13:43:59.909846 2018] [core:warn] [pid 11284:tid 828] AH00098: pid file D:/xampp/apache/logs/httpd.pid overwritten -- Unclean shutdown of previous Apache run?
[Tue Aug 07 13:44:00.066756 2018] [ssl:warn] [pid 11284:tid 828] AH01909: www.example.com:443:0 server certificate does NOT include an ID which matches the server name
[Tue Aug 07 13:44:00.106732 2018] [mpm_winnt:notice] [pid 11284:tid 828] AH00455: Apache/2.4.10 (Win32) OpenSSL/1.0.1i PHP/5.6.3 configured -- resuming normal operations
[Tue Aug 07 13:44:00.106732 2018] [mpm_winnt:notice] [pid 11284:tid 828] AH00456: Apache Lounge VC11 Server built: Jul 17 2014 11:50:08
[Tue Aug 07 13:44:00.106732 2018] [core:notice] [pid 11284:tid 828] AH00094: Command line: 'd:\\xampp\\apache\\bin\\httpd.exe -d D:/xampp/apache'
[Tue Aug 07 13:44:00.121724 2018] [mpm_winnt:notice] [pid 11284:tid 828] AH00418: Parent: Created child process 10528
[Tue Aug 07 13:44:01.982652 2018] [ssl:warn] [pid 10528:tid 776] AH01909: www.example.com:443:0 server certificate does NOT include an ID which matches the server name
[Tue Aug 07 13:44:02.209520 2018] [ssl:warn] [pid 10528:tid 776] AH01909: www.example.com:443:0 server certificate does NOT include an ID which matches the server name
[Tue Aug 07 13:44:02.256493 2018] [mpm_winnt:notice] [pid 10528:tid 776] AH00354: Child: Starting 150 worker threads.
[Tue Aug 07 14:05:17.642334 2018] [ssl:warn] [pid 3952:tid 764] AH01909: www.example.com:443:0 server certificate does NOT include an ID which matches the server name
[Tue Aug 07 14:05:17.742277 2018] [core:warn] [pid 3952:tid 764] AH00098: pid file D:/xampp/apache/logs/httpd.pid overwritten -- Unclean shutdown of previous Apache run?
[Tue Aug 07 14:05:17.881197 2018] [ssl:warn] [pid 3952:tid 764] AH01909: www.example.com:443:0 server certificate does NOT include an ID which matches the server name
[Tue Aug 07 14:05:17.918175 2018] [mpm_winnt:notice] [pid 3952:tid 764] AH00455: Apache/2.4.10 (Win32) OpenSSL/1.0.1i PHP/5.6.3 configured -- resuming normal operations
[Tue Aug 07 14:05:17.919175 2018] [mpm_winnt:notice] [pid 3952:tid 764] AH00456: Apache Lounge VC11 Server built: Jul 17 2014 11:50:08
[Tue Aug 07 14:05:17.919175 2018] [core:notice] [pid 3952:tid 764] AH00094: Command line: 'd:\\xampp\\apache\\bin\\httpd.exe -d D:/xampp/apache'
[Tue Aug 07 14:05:17.932167 2018] [mpm_winnt:notice] [pid 3952:tid 764] AH00418: Parent: Created child process 8172
[Tue Aug 07 14:05:19.732130 2018] [ssl:warn] [pid 8172:tid 624] AH01909: www.example.com:443:0 server certificate does NOT include an ID which matches the server name
[Tue Aug 07 14:05:19.961997 2018] [ssl:warn] [pid 8172:tid 624] AH01909: www.example.com:443:0 server certificate does NOT include an ID which matches the server name
[Tue Aug 07 14:05:20.011968 2018] [mpm_winnt:notice] [pid 8172:tid 624] AH00354: Child: Starting 150 worker threads.
[Wed Aug 08 09:29:54.599187 2018] [ssl:warn] [pid 18592:tid 692] AH01909: www.example.com:443:0 server certificate does NOT include an ID which matches the server name
[Wed Aug 08 09:29:54.686136 2018] [core:warn] [pid 18592:tid 692] AH00098: pid file D:/xampp/apache/logs/httpd.pid overwritten -- Unclean shutdown of previous Apache run?
[Wed Aug 08 09:29:54.861036 2018] [ssl:warn] [pid 18592:tid 692] AH01909: www.example.com:443:0 server certificate does NOT include an ID which matches the server name
[Wed Aug 08 09:29:54.897014 2018] [mpm_winnt:notice] [pid 18592:tid 692] AH00455: Apache/2.4.10 (Win32) OpenSSL/1.0.1i PHP/5.6.3 configured -- resuming normal operations
[Wed Aug 08 09:29:54.897014 2018] [mpm_winnt:notice] [pid 18592:tid 692] AH00456: Apache Lounge VC11 Server built: Jul 17 2014 11:50:08
[Wed Aug 08 09:29:54.897014 2018] [core:notice] [pid 18592:tid 692] AH00094: Command line: 'd:\\xampp\\apache\\bin\\httpd.exe -d D:/xampp/apache'
[Wed Aug 08 09:29:54.913006 2018] [mpm_winnt:notice] [pid 18592:tid 692] AH00418: Parent: Created child process 9492
[Wed Aug 08 09:29:56.782927 2018] [ssl:warn] [pid 9492:tid 608] AH01909: www.example.com:443:0 server certificate does NOT include an ID which matches the server name
[Wed Aug 08 09:29:57.028803 2018] [ssl:warn] [pid 9492:tid 608] AH01909: www.example.com:443:0 server certificate does NOT include an ID which matches the server name
[Wed Aug 08 09:29:57.075758 2018] [mpm_winnt:notice] [pid 9492:tid 608] AH00354: Child: Starting 150 worker threads.
[Tue Aug 21 14:50:31.678153 2018] [ssl:warn] [pid 13372:tid 680] AH01909: www.example.com:443:0 server certificate does NOT include an ID which matches the server name
[Tue Aug 21 14:50:31.794086 2018] [core:warn] [pid 13372:tid 680] AH00098: pid file D:/xampp/apache/logs/httpd.pid overwritten -- Unclean shutdown of previous Apache run?
[Tue Aug 21 14:50:31.960989 2018] [ssl:warn] [pid 13372:tid 680] AH01909: www.example.com:443:0 server certificate does NOT include an ID which matches the server name
[Tue Aug 21 14:50:32.477692 2018] [mpm_winnt:notice] [pid 13372:tid 680] AH00455: Apache/2.4.10 (Win32) OpenSSL/1.0.1i PHP/5.6.3 configured -- resuming normal operations
[Tue Aug 21 14:50:32.477692 2018] [mpm_winnt:notice] [pid 13372:tid 680] AH00456: Apache Lounge VC11 Server built: Jul 17 2014 11:50:08
[Tue Aug 21 14:50:32.477692 2018] [core:notice] [pid 13372:tid 680] AH00094: Command line: 'd:\\xampp\\apache\\bin\\httpd.exe -d D:/xampp/apache'
[Tue Aug 21 14:50:32.484687 2018] [mpm_winnt:notice] [pid 13372:tid 680] AH00418: Parent: Created child process 16292
[Tue Aug 21 14:50:34.394586 2018] [ssl:warn] [pid 16292:tid 552] AH01909: www.example.com:443:0 server certificate does NOT include an ID which matches the server name
[Tue Aug 21 14:50:34.641444 2018] [ssl:warn] [pid 16292:tid 552] AH01909: www.example.com:443:0 server certificate does NOT include an ID which matches the server name
[Tue Aug 21 14:50:34.693414 2018] [mpm_winnt:notice] [pid 16292:tid 552] AH00354: Child: Starting 150 worker threads.
[Wed Sep 12 16:05:10.571724 2018] [ssl:warn] [pid 10924:tid 696] AH01909: www.example.com:443:0 server certificate does NOT include an ID which matches the server name
[Wed Sep 12 16:05:10.852832 2018] [core:warn] [pid 10924:tid 696] AH00098: pid file D:/xampp/apache/logs/httpd.pid overwritten -- Unclean shutdown of previous Apache run?
[Wed Sep 12 16:05:11.067709 2018] [ssl:warn] [pid 10924:tid 696] AH01909: www.example.com:443:0 server certificate does NOT include an ID which matches the server name
[Wed Sep 12 16:05:11.597777 2018] [mpm_winnt:notice] [pid 10924:tid 696] AH00455: Apache/2.4.10 (Win32) OpenSSL/1.0.1i PHP/5.6.3 configured -- resuming normal operations
[Wed Sep 12 16:05:11.597777 2018] [mpm_winnt:notice] [pid 10924:tid 696] AH00456: Apache Lounge VC11 Server built: Jul 17 2014 11:50:08
[Wed Sep 12 16:05:11.597777 2018] [core:notice] [pid 10924:tid 696] AH00094: Command line: 'd:\\xampp\\apache\\bin\\httpd.exe -d D:/xampp/apache'
[Wed Sep 12 16:05:11.607784 2018] [mpm_winnt:notice] [pid 10924:tid 696] AH00418: Parent: Created child process 22352
[Wed Sep 12 16:05:15.090773 2018] [ssl:warn] [pid 22352:tid 756] AH01909: www.example.com:443:0 server certificate does NOT include an ID which matches the server name
[Wed Sep 12 16:05:15.451559 2018] [ssl:warn] [pid 22352:tid 756] AH01909: www.example.com:443:0 server certificate does NOT include an ID which matches the server name
[Wed Sep 12 16:05:15.513524 2018] [mpm_winnt:notice] [pid 22352:tid 756] AH00354: Child: Starting 150 worker threads.
[Tue Sep 18 09:53:00.759361 2018] [ssl:warn] [pid 8:tid 552] AH01909: www.example.com:443:0 server certificate does NOT include an ID which matches the server name
[Tue Sep 18 09:53:00.934261 2018] [core:warn] [pid 8:tid 552] AH00098: pid file D:/xampp/apache/logs/httpd.pid overwritten -- Unclean shutdown of previous Apache run?
[Tue Sep 18 09:53:01.238086 2018] [ssl:warn] [pid 8:tid 552] AH01909: www.example.com:443:0 server certificate does NOT include an ID which matches the server name
[Tue Sep 18 09:53:01.701819 2018] [mpm_winnt:notice] [pid 8:tid 552] AH00455: Apache/2.4.10 (Win32) OpenSSL/1.0.1i PHP/5.6.3 configured -- resuming normal operations
[Tue Sep 18 09:53:01.707816 2018] [mpm_winnt:notice] [pid 8:tid 552] AH00456: Apache Lounge VC11 Server built: Jul 17 2014 11:50:08
[Tue Sep 18 09:53:01.707816 2018] [core:notice] [pid 8:tid 552] AH00094: Command line: 'd:\\xampp\\apache\\bin\\httpd.exe -d D:/xampp/apache'
[Tue Sep 18 09:53:01.723807 2018] [mpm_winnt:notice] [pid 8:tid 552] AH00418: Parent: Created child process 5988
[Tue Sep 18 09:53:05.407689 2018] [ssl:warn] [pid 5988:tid 848] AH01909: www.example.com:443:0 server certificate does NOT include an ID which matches the server name
[Tue Sep 18 09:53:05.764485 2018] [ssl:warn] [pid 5988:tid 848] AH01909: www.example.com:443:0 server certificate does NOT include an ID which matches the server name
[Tue Sep 18 09:53:05.874428 2018] [mpm_winnt:notice] [pid 5988:tid 848] AH00354: Child: Starting 150 worker threads.
[Tue Sep 25 14:04:27.119054 2018] [ssl:warn] [pid 5720:tid 772] AH01909: www.example.com:443:0 server certificate does NOT include an ID which matches the server name
[Tue Sep 25 14:04:27.270966 2018] [core:warn] [pid 5720:tid 772] AH00098: pid file D:/xampp/apache/logs/httpd.pid overwritten -- Unclean shutdown of previous Apache run?
[Tue Sep 25 14:04:27.539823 2018] [ssl:warn] [pid 5720:tid 772] AH01909: www.example.com:443:0 server certificate does NOT include an ID which matches the server name
[Tue Sep 25 14:04:28.856215 2018] [mpm_winnt:notice] [pid 5720:tid 772] AH00455: Apache/2.4.10 (Win32) OpenSSL/1.0.1i PHP/5.6.3 configured -- resuming normal operations
[Tue Sep 25 14:04:28.856215 2018] [mpm_winnt:notice] [pid 5720:tid 772] AH00456: Apache Lounge VC11 Server built: Jul 17 2014 11:50:08
[Tue Sep 25 14:04:28.856215 2018] [core:notice] [pid 5720:tid 772] AH00094: Command line: 'd:\\xampp\\apache\\bin\\httpd.exe -d D:/xampp/apache'
[Tue Sep 25 14:04:28.866228 2018] [mpm_winnt:notice] [pid 5720:tid 772] AH00418: Parent: Created child process 25104
[Tue Sep 25 14:04:32.801939 2018] [ssl:warn] [pid 25104:tid 860] AH01909: www.example.com:443:0 server certificate does NOT include an ID which matches the server name
[Tue Sep 25 14:04:33.196711 2018] [ssl:warn] [pid 25104:tid 860] AH01909: www.example.com:443:0 server certificate does NOT include an ID which matches the server name
[Tue Sep 25 14:04:33.283662 2018] [mpm_winnt:notice] [pid 25104:tid 860] AH00354: Child: Starting 150 worker threads.
[Tue Sep 25 14:45:17.992538 2018] [mpm_winnt:crit] [pid 25104:tid 860] AH02538: Child: Parent process exited abruptly. Child process is ending
[Tue Sep 25 15:07:01.620220 2018] [ssl:warn] [pid 14736:tid 928] AH01909: www.example.com:443:0 server certificate does NOT include an ID which matches the server name
[Tue Sep 25 15:07:01.753143 2018] [core:warn] [pid 14736:tid 928] AH00098: pid file D:/xampp/apache/logs/httpd.pid overwritten -- Unclean shutdown of previous Apache run?
[Tue Sep 25 15:07:02.099944 2018] [ssl:warn] [pid 14736:tid 928] AH01909: www.example.com:443:0 server certificate does NOT include an ID which matches the server name
[Tue Sep 25 15:07:02.543854 2018] [mpm_winnt:notice] [pid 14736:tid 928] AH00455: Apache/2.4.10 (Win32) OpenSSL/1.0.1i PHP/5.6.3 configured -- resuming normal operations
[Tue Sep 25 15:07:02.543854 2018] [mpm_winnt:notice] [pid 14736:tid 928] AH00456: Apache Lounge VC11 Server built: Jul 17 2014 11:50:08
[Tue Sep 25 15:07:02.543854 2018] [core:notice] [pid 14736:tid 928] AH00094: Command line: 'd:\\xampp\\apache\\bin\\httpd.exe -d D:/xampp/apache'
[Tue Sep 25 15:07:02.558846 2018] [mpm_winnt:notice] [pid 14736:tid 928] AH00418: Parent: Created child process 2684
[Tue Sep 25 15:07:06.516561 2018] [ssl:warn] [pid 2684:tid 680] AH01909: www.example.com:443:0 server certificate does NOT include an ID which matches the server name
[Tue Sep 25 15:07:06.894344 2018] [ssl:warn] [pid 2684:tid 680] AH01909: www.example.com:443:0 server certificate does NOT include an ID which matches the server name
[Tue Sep 25 15:07:06.958319 2018] [mpm_winnt:notice] [pid 2684:tid 680] AH00354: Child: Starting 150 worker threads.
[Tue Sep 25 15:34:15.423484 2018] [ssl:warn] [pid 26116:tid 772] AH01909: www.example.com:443:0 server certificate does NOT include an ID which matches the server name
[Tue Sep 25 15:34:15.593385 2018] [core:warn] [pid 26116:tid 772] AH00098: pid file D:/xampp/apache/logs/httpd.pid overwritten -- Unclean shutdown of previous Apache run?
[Tue Sep 25 15:34:15.914200 2018] [ssl:warn] [pid 26116:tid 772] AH01909: www.example.com:443:0 server certificate does NOT include an ID which matches the server name
[Tue Sep 25 15:34:16.195039 2018] [mpm_winnt:notice] [pid 26116:tid 772] AH00455: Apache/2.4.10 (Win32) OpenSSL/1.0.1i PHP/5.6.3 configured -- resuming normal operations
[Tue Sep 25 15:34:16.195039 2018] [mpm_winnt:notice] [pid 26116:tid 772] AH00456: Apache Lounge VC11 Server built: Jul 17 2014 11:50:08
[Tue Sep 25 15:34:16.195039 2018] [core:notice] [pid 26116:tid 772] AH00094: Command line: 'd:\\xampp\\apache\\bin\\httpd.exe -d D:/xampp/apache'
[Tue Sep 25 15:34:16.211029 2018] [mpm_winnt:notice] [pid 26116:tid 772] AH00418: Parent: Created child process 21236
[Tue Sep 25 15:50:32.109763 2018] [ssl:warn] [pid 25640:tid 928] AH01909: www.example.com:443:0 server certificate does NOT include an ID which matches the server name
[Tue Sep 25 15:50:32.223697 2018] [core:warn] [pid 25640:tid 928] AH00098: pid file D:/xampp/apache/logs/httpd.pid overwritten -- Unclean shutdown of previous Apache run?
[Tue Sep 25 15:50:32.503535 2018] [ssl:warn] [pid 25640:tid 928] AH01909: www.example.com:443:0 server certificate does NOT include an ID which matches the server name
[Tue Sep 25 15:50:32.503535 2018] [mpm_winnt:notice] [pid 25640:tid 928] AH00455: Apache/2.4.10 (Win32) OpenSSL/1.0.1i configured -- resuming normal operations
[Tue Sep 25 15:50:32.504535 2018] [mpm_winnt:notice] [pid 25640:tid 928] AH00456: Apache Lounge VC11 Server built: Jul 17 2014 11:50:08
[Tue Sep 25 15:50:32.504535 2018] [core:notice] [pid 25640:tid 928] AH00094: Command line: 'd:\\xampp\\apache\\bin\\httpd.exe -d D:/xampp/apache'
[Tue Sep 25 15:50:32.519526 2018] [mpm_winnt:notice] [pid 25640:tid 928] AH00418: Parent: Created child process 18460
[Tue Sep 25 16:28:12.930744 2018] [ssl:warn] [pid 14508:tid 888] AH01909: www.example.com:443:0 server certificate does NOT include an ID which matches the server name
[Tue Sep 25 16:28:13.020739 2018] [core:warn] [pid 14508:tid 888] AH00098: pid file D:/xampp/apache/logs/httpd.pid overwritten -- Unclean shutdown of previous Apache run?
[Tue Sep 25 16:28:13.220728 2018] [ssl:warn] [pid 14508:tid 888] AH01909: www.example.com:443:0 server certificate does NOT include an ID which matches the server name
[Tue Sep 25 16:28:13.230727 2018] [mpm_winnt:notice] [pid 14508:tid 888] AH00455: Apache/2.4.10 (Win32) OpenSSL/1.0.1i PHP/7.2.10 configured -- resuming normal operations
[Tue Sep 25 16:28:13.230727 2018] [mpm_winnt:notice] [pid 14508:tid 888] AH00456: Apache Lounge VC11 Server built: Jul 17 2014 11:50:08
[Tue Sep 25 16:28:13.230727 2018] [core:notice] [pid 14508:tid 888] AH00094: Command line: 'd:\\xampp\\apache\\bin\\httpd.exe -d D:/xampp/apache'
[Tue Sep 25 16:28:13.240726 2018] [mpm_winnt:notice] [pid 14508:tid 888] AH00418: Parent: Created child process 4784
[Tue Sep 25 16:28:16.405377 2018] [ssl:warn] [pid 4784:tid 908] AH01909: www.example.com:443:0 server certificate does NOT include an ID which matches the server name
[Tue Sep 25 16:28:16.805352 2018] [ssl:warn] [pid 4784:tid 908] AH01909: www.example.com:443:0 server certificate does NOT include an ID which matches the server name
[Tue Sep 25 16:28:16.825351 2018] [mpm_winnt:notice] [pid 4784:tid 908] AH00354: Child: Starting 150 worker threads.
[Tue Sep 25 16:29:27.770261 2018] [ssl:warn] [pid 14572:tid 724] AH01909: www.example.com:443:0 server certificate does NOT include an ID which matches the server name
[Tue Sep 25 16:29:27.850294 2018] [core:warn] [pid 14572:tid 724] AH00098: pid file D:/xampp/apache/logs/httpd.pid overwritten -- Unclean shutdown of previous Apache run?
[Tue Sep 25 16:29:28.050243 2018] [ssl:warn] [pid 14572:tid 724] AH01909: www.example.com:443:0 server certificate does NOT include an ID which matches the server name
[Tue Sep 25 16:29:28.060242 2018] [mpm_winnt:notice] [pid 14572:tid 724] AH00455: Apache/2.4.10 (Win32) OpenSSL/1.0.1i PHP/7.2.10 configured -- resuming normal operations
[Tue Sep 25 16:29:28.060242 2018] [mpm_winnt:notice] [pid 14572:tid 724] AH00456: Apache Lounge VC11 Server built: Jul 17 2014 11:50:08
[Tue Sep 25 16:29:28.060242 2018] [core:notice] [pid 14572:tid 724] AH00094: Command line: 'd:\\xampp\\apache\\bin\\httpd.exe -d D:/xampp/apache'
[Tue Sep 25 16:29:28.070228 2018] [mpm_winnt:notice] [pid 14572:tid 724] AH00418: Parent: Created child process 14028
[Tue Sep 25 16:29:30.605220 2018] [ssl:warn] [pid 14028:tid 856] AH01909: www.example.com:443:0 server certificate does NOT include an ID which matches the server name
[Tue Sep 25 16:29:30.875216 2018] [ssl:warn] [pid 14028:tid 856] AH01909: www.example.com:443:0 server certificate does NOT include an ID which matches the server name
[Tue Sep 25 16:29:30.885202 2018] [mpm_winnt:notice] [pid 14028:tid 856] AH00354: Child: Starting 150 worker threads.
[Tue Sep 25 16:34:20.486928 2018] [ssl:warn] [pid 14520:tid 896] AH01909: www.example.com:443:0 server certificate does NOT include an ID which matches the server name
[Tue Sep 25 16:34:20.567063 2018] [core:warn] [pid 14520:tid 896] AH00098: pid file D:/xampp/apache/logs/httpd.pid overwritten -- Unclean shutdown of previous Apache run?
[Tue Sep 25 16:34:20.777028 2018] [ssl:warn] [pid 14520:tid 896] AH01909: www.example.com:443:0 server certificate does NOT include an ID which matches the server name
[Tue Sep 25 16:34:20.847037 2018] [mpm_winnt:notice] [pid 14520:tid 896] AH00455: Apache/2.4.10 (Win32) OpenSSL/1.0.1i PHP/5.6.3 configured -- resuming normal operations
[Tue Sep 25 16:34:20.847037 2018] [mpm_winnt:notice] [pid 14520:tid 896] AH00456: Apache Lounge VC11 Server built: Jul 17 2014 11:50:08
[Tue Sep 25 16:34:20.847037 2018] [core:notice] [pid 14520:tid 896] AH00094: Command line: 'd:\\xampp\\apache\\bin\\httpd.exe -d D:/xampp/apache'
[Tue Sep 25 16:34:20.857042 2018] [mpm_winnt:notice] [pid 14520:tid 896] AH00418: Parent: Created child process 14532
[Tue Sep 25 16:34:23.464366 2018] [ssl:warn] [pid 14532:tid 536] AH01909: www.example.com:443:0 server certificate does NOT include an ID which matches the server name
[Tue Sep 25 16:34:23.784358 2018] [ssl:warn] [pid 14532:tid 536] AH01909: www.example.com:443:0 server certificate does NOT include an ID which matches the server name
[Tue Sep 25 16:34:23.834344 2018] [mpm_winnt:notice] [pid 14532:tid 536] AH00354: Child: Starting 150 worker threads.
